<?xml version="1.0" encoding="UTF-8"?>
<!-- Generated by org.testng.reporters.JUnitXMLReporter -->
<testsuite ignored="0" hostname="DevendraS-130398" failures="0" tests="3" name="Default test" time="14.138" errors="0" timestamp="13 Feb 2025 11:19:25 GMT">
  <testcase classname="com.crm.qa.testcases.HomePageTest" name="verifyHomePageTitleTest" time="0.014"/>
  <testcase classname="com.crm.qa.testcases.HomePageTest" name="verifyUserNameTest" time="0.377"/>
  <testcase classname="com.crm.qa.testcases.HomePageTest" name="verifyCartLinkTest" time="5.804"/>
</testsuite> <!-- Default test -->
