<?xml version="1.0" encoding="UTF-8"?>
<testng-results ignored="0" total="3" passed="3" failed="0" skipped="0">
  <reporter-output>
  </reporter-output>
  <suite started-at="2025-02-13T11:19:10Z" name="Default suite" finished-at="2025-02-13T11:19:25Z" duration-ms="14138">
    <groups>
    </groups>
    <test started-at="2025-02-13T11:19:10Z" name="Default test" finished-at="2025-02-13T11:19:25Z" duration-ms="14138">
      <class name="com.crm.qa.testcases.HomePageTest">
        <test-method is-config="true" signature="setUp()[pri:0, instance:com.crm.qa.testcases.HomePageTest@46b61c56]" started-at="2025-02-13T16:49:10Z" name="setUp" finished-at="2025-02-13T16:49:13Z" duration-ms="2610" status="PASS">
          <reporter-output>
          </reporter-output>
        </test-method> <!-- setUp -->
        <test-method signature="verifyHomePageTitleTest()[pri:1, instance:com.crm.qa.testcases.HomePageTest@46b61c56]" started-at="2025-02-13T16:49:13Z" name="verifyHomePageTitleTest" finished-at="2025-02-13T16:49:13Z" duration-ms="14" status="PASS">
          <reporter-output>
          </reporter-output>
        </test-method> <!-- verifyHomePageTitleTest -->
        <test-method is-config="true" signature="tearDown()[pri:0, instance:com.crm.qa.testcases.HomePageTest@46b61c56]" started-at="2025-02-13T16:49:13Z" name="tearDown" finished-at="2025-02-13T16:49:13Z" duration-ms="166" status="PASS">
          <reporter-output>
          </reporter-output>
        </test-method> <!-- tearDown -->
        <test-method is-config="true" signature="setUp()[pri:0, instance:com.crm.qa.testcases.HomePageTest@46b61c56]" started-at="2025-02-13T16:49:13Z" name="setUp" finished-at="2025-02-13T16:49:16Z" duration-ms="2543" status="PASS">
          <reporter-output>
          </reporter-output>
        </test-method> <!-- setUp -->
        <test-method signature="verifyUserNameTest()[pri:2, instance:com.crm.qa.testcases.HomePageTest@46b61c56]" started-at="2025-02-13T16:49:16Z" name="verifyUserNameTest" finished-at="2025-02-13T16:49:16Z" duration-ms="377" status="PASS">
          <reporter-output>
          </reporter-output>
        </test-method> <!-- verifyUserNameTest -->
        <test-method is-config="true" signature="tearDown()[pri:0, instance:com.crm.qa.testcases.HomePageTest@46b61c56]" started-at="2025-02-13T16:49:16Z" name="tearDown" finished-at="2025-02-13T16:49:16Z" duration-ms="143" status="PASS">
          <reporter-output>
          </reporter-output>
        </test-method> <!-- tearDown -->
        <test-method is-config="true" signature="setUp()[pri:0, instance:com.crm.qa.testcases.HomePageTest@46b61c56]" started-at="2025-02-13T16:49:16Z" name="setUp" finished-at="2025-02-13T16:49:19Z" duration-ms="2308" status="PASS">
          <reporter-output>
          </reporter-output>
        </test-method> <!-- setUp -->
        <test-method signature="verifyCartLinkTest()[pri:3, instance:com.crm.qa.testcases.HomePageTest@46b61c56]" started-at="2025-02-13T16:49:19Z" name="verifyCartLinkTest" finished-at="2025-02-13T16:49:24Z" duration-ms="5804" status="PASS">
          <reporter-output>
          </reporter-output>
        </test-method> <!-- verifyCartLinkTest -->
        <test-method is-config="true" signature="tearDown()[pri:0, instance:com.crm.qa.testcases.HomePageTest@46b61c56]" started-at="2025-02-13T16:49:24Z" name="tearDown" finished-at="2025-02-13T16:49:25Z" duration-ms="154" status="PASS">
          <reporter-output>
          </reporter-output>
        </test-method> <!-- tearDown -->
      </class> <!-- com.crm.qa.testcases.HomePageTest -->
    </test> <!-- Default test -->
  </suite> <!-- Default suite -->
</testng-results>
